# JRE version: OpenJDK Runtime Environment (8.0_242-b01) (build 1.8.0_242-release-1644-b01)
# Java VM: OpenJDK 64-Bit Server VM (25.242-b01 mixed mode windows-amd64 compressed oops)
Heap:
 PSYoungGen      total 208384K, used 17540K [0x00000000e0000000, 0x00000000f0e80000, 0x0000000100000000)
  eden space 185856K, 9% used [0x00000000e0000000,0x00000000e11210b8,0x00000000eb580000)
  from space 22528K, 0% used [0x00000000eb580000,0x00000000eb580000,0x00000000ecb80000)
  to   space 22016K, 0% used [0x00000000ef900000,0x00000000ef900000,0x00000000f0e80000)
 ParOldGen       total 101376K, used 45550K [0x00000000a0000000, 0x00000000a6300000, 0x00000000e0000000)
  object space 101376K, 44% used [0x00000000a0000000,0x00000000a2c7b858,0x00000000a6300000)
 Metaspace       used 58376K, capacity 60640K, committed 60696K, reserved 1101824K
  class space    used 8025K, capacity 8703K, committed 8736K, reserved 1048576K
GC Heap History (10 events):
Event: 5.533 GC heap before
{Heap before GC invocations=10 (full 2):
 PSYoungGen      total 168448K, used 11018K [0x00000000e0000000, 0x00000000edc80000, 0x0000000100000000)
  eden space 154624K, 0% used [0x00000000e0000000,0x00000000e0000000,0x00000000e9700000)
  from space 13824K, 79% used [0x00000000ea580000,0x00000000eb042a10,0x00000000eb300000)
  to   space 14848K, 0% used [0x00000000e9700000,0x00000000e9700000,0x00000000ea580000)
 ParOldGen       total 66560K, used 11966K [0x00000000a0000000, 0x00000000a4100000, 0x00000000e0000000)
  object space 66560K, 17% used [0x00000000a0000000,0x00000000a0bafb60,0x00000000a4100000)
 Metaspace       used 34664K, capacity 35434K, committed 35496K, reserved 1079296K
  class space    used 4734K, capacity 4990K, committed 5040K, reserved 1048576K
Event: 5.612 GC heap after
Heap after GC invocations=10 (full 2):
 PSYoungGen      total 168448K, used 0K [0x00000000e0000000, 0x00000000edc80000, 0x0000000100000000)
  eden space 154624K, 0% used [0x00000000e0000000,0x00000000e0000000,0x00000000e9700000)
  from space 13824K, 0% used [0x00000000ea580000,0x00000000ea580000,0x00000000eb300000)
  to   space 14848K, 0% used [0x00000000e9700000,0x00000000e9700000,0x00000000ea580000)
 ParOldGen       total 101376K, used 17744K [0x00000000a0000000, 0x00000000a6300000, 0x00000000e0000000)
  object space 101376K, 17% used [0x00000000a0000000,0x00000000a11543e8,0x00000000a6300000)
 Metaspace       used 34642K, capacity 35362K, committed 35496K, reserved 1079296K
  class space    used 4728K, capacity 4978K, committed 5040K, reserved 1048576K
}
Event: 7.199 GC heap before
{Heap before GC invocations=11 (full 2):
 PSYoungGen      total 168448K, used 154624K [0x00000000e0000000, 0x00000000edc80000, 0x0000000100000000)
  eden space 154624K, 100% used [0x00000000e0000000,0x00000000e9700000,0x00000000e9700000)
  from space 13824K, 0% used [0x00000000ea580000,0x00000000ea580000,0x00000000eb300000)
  to   space 14848K, 0% used [0x00000000e9700000,0x00000000e9700000,0x00000000ea580000)
 ParOldGen       total 101376K, used 17744K [0x00000000a0000000, 0x00000000a6300000, 0x00000000e0000000)
  object space 101376K, 17% used [0x00000000a0000000,0x00000000a11543e8,0x00000000a6300000)
 Metaspace       used 45776K, capacity 46920K, committed 47016K, reserved 1089536K
  class space    used 6170K, capacity 6516K, committed 6576K, reserved 1048576K
Event: 7.220 GC heap after
Heap after GC invocations=11 (full 2):
 PSYoungGen      total 169472K, used 14822K [0x00000000e0000000, 0x00000000edd00000, 0x0000000100000000)
  eden space 154624K, 0% used [0x00000000e0000000,0x00000000e0000000,0x00000000e9700000)
  from space 14848K, 99% used [0x00000000e9700000,0x00000000ea579a00,0x00000000ea580000)
  to   space 17920K, 0% used [0x00000000ecb80000,0x00000000ecb80000,0x00000000edd00000)
 ParOldGen       total 101376K, used 20104K [0x00000000a0000000, 0x00000000a6300000, 0x00000000e0000000)
  object space 101376K, 19% used [0x00000000a0000000,0x00000000a13a2208,0x00000000a6300000)
 Metaspace       used 45776K, capacity 46920K, committed 47016K, reserved 1089536K
  class space    used 6170K, capacity 6516K, committed 6576K, reserved 1048576K
}
Event: 8.993 GC heap before
{Heap before GC invocations=12 (full 2):
 PSYoungGen      total 169472K, used 169446K [0x00000000e0000000, 0x00000000edd00000, 0x0000000100000000)
  eden space 154624K, 100% used [0x00000000e0000000,0x00000000e9700000,0x00000000e9700000)
  from space 14848K, 99% used [0x00000000e9700000,0x00000000ea579a00,0x00000000ea580000)
  to   space 17920K, 0% used [0x00000000ecb80000,0x00000000ecb80000,0x00000000edd00000)
 ParOldGen       total 101376K, used 20104K [0x00000000a0000000, 0x00000000a6300000, 0x00000000e0000000)
  object space 101376K, 19% used [0x00000000a0000000,0x00000000a13a2208,0x00000000a6300000)
 Metaspace       used 54835K, capacity 56598K, committed 56616K, reserved 1097728K
  class space    used 7495K, capacity 7979K, committed 7984K, reserved 1048576K
Event: 9.018 GC heap after
Heap after GC invocations=12 (full 2):
 PSYoungGen      total 203776K, used 17915K [0x00000000e0000000, 0x00000000ee600000, 0x0000000100000000)
  eden space 185856K, 0% used [0x00000000e0000000,0x00000000e0000000,0x00000000eb580000)
  from space 17920K, 99% used [0x00000000ecb80000,0x00000000edcfed98,0x00000000edd00000)
  to   space 22528K, 0% used [0x00000000eb580000,0x00000000eb580000,0x00000000ecb80000)
 ParOldGen       total 101376K, used 26784K [0x00000000a0000000, 0x00000000a6300000, 0x00000000e0000000)
  object space 101376K, 26% used [0x00000000a0000000,0x00000000a1a28048,0x00000000a6300000)
 Metaspace       used 54835K, capacity 56598K, committed 56616K, reserved 1097728K
  class space    used 7495K, capacity 7979K, committed 7984K, reserved 1048576K
}
Event: 10.322 GC heap before
{Heap before GC invocations=13 (full 2):
 PSYoungGen      total 203776K, used 104043K [0x00000000e0000000, 0x00000000ee600000, 0x0000000100000000)
  eden space 185856K, 46% used [0x00000000e0000000,0x00000000e541bfe8,0x00000000eb580000)
  from space 17920K, 99% used [0x00000000ecb80000,0x00000000edcfed98,0x00000000edd00000)
  to   space 22528K, 0% used [0x00000000eb580000,0x00000000eb580000,0x00000000ecb80000)
 ParOldGen       total 101376K, used 26784K [0x00000000a0000000, 0x00000000a6300000, 0x00000000e0000000)
  object space 101376K, 26% used [0x00000000a0000000,0x00000000a1a28048,0x00000000a6300000)
 Metaspace       used 56883K, capacity 59072K, committed 59160K, reserved 1099776K
  class space    used 7767K, capacity 8415K, committed 8480K, reserved 1048576K
Event: 10.352 GC heap after
Heap after GC invocations=13 (full 2):
 PSYoungGen      total 208384K, used 11701K [0x00000000e0000000, 0x00000000f0e80000, 0x0000000100000000)
  eden space 185856K, 0% used [0x00000000e0000000,0x00000000e0000000,0x00000000eb580000)
  from space 22528K, 51% used [0x00000000eb580000,0x00000000ec0ed568,0x00000000ecb80000)
  to   space 22016K, 0% used [0x00000000ef900000,0x00000000ef900000,0x00000000f0e80000)
 ParOldGen       total 101376K, used 44650K [0x00000000a0000000, 0x00000000a6300000, 0x00000000e0000000)
  object space 101376K, 44% used [0x00000000a0000000,0x00000000a2b9a878,0x00000000a6300000)
 Metaspace       used 56883K, capacity 59072K, committed 59160K, reserved 1099776K
  class space    used 7767K, capacity 8415K, committed 8480K, reserved 1048576K
}
Event: 10.352 GC heap before
{Heap before GC invocations=14 (full 3):
 PSYoungGen      total 208384K, used 11701K [0x00000000e0000000, 0x00000000f0e80000, 0x0000000100000000)
  eden space 185856K, 0% used [0x00000000e0000000,0x00000000e0000000,0x00000000eb580000)
  from space 22528K, 51% used [0x00000000eb580000,0x00000000ec0ed568,0x00000000ecb80000)
  to   space 22016K, 0% used [0x00000000ef900000,0x00000000ef900000,0x00000000f0e80000)
 ParOldGen       total 101376K, used 44650K [0x00000000a0000000, 0x00000000a6300000, 0x00000000e0000000)
  object space 101376K, 44% used [0x00000000a0000000,0x00000000a2b9a878,0x00000000a6300000)
 Metaspace       used 56883K, capacity 59072K, committed 59160K, reserved 1099776K
  class space    used 7767K, capacity 8415K, committed 8480K, reserved 1048576K
Event: 10.731 GC heap after
Heap after GC invocations=14 (full 3):
 PSYoungGen      total 208384K, used 0K [0x00000000e0000000, 0x00000000f0e80000, 0x0000000100000000)
  eden space 185856K, 0% used [0x00000000e0000000,0x00000000e0000000,0x00000000eb580000)
  from space 22528K, 0% used [0x00000000eb580000,0x00000000eb580000,0x00000000ecb80000)
  to   space 22016K, 0% used [0x00000000ef900000,0x00000000ef900000,0x00000000f0e80000)
 ParOldGen       total 101376K, used 45550K [0x00000000a0000000, 0x00000000a6300000, 0x00000000e0000000)
  object space 101376K, 44% used [0x00000000a0000000,0x00000000a2c7b858,0x00000000a6300000)
 Metaspace       used 56883K, capacity 59072K, committed 59160K, reserved 1099776K
  class space    used 7767K, capacity 8415K, committed 8480K, reserved 1048576K
}

