# JRE version: OpenJDK Runtime Environment (8.0_242-b01) (build 1.8.0_242-release-1644-b01)
# Java VM: OpenJDK 64-Bit Server VM (25.242-b01 mixed mode windows-amd64 compressed oops)
Heap:
 PSYoungGen      total 139776K, used 87921K [0x00000000e0000000, 0x00000000e9b80000, 0x0000000100000000)
  eden space 125952K, 59% used [0x00000000e0000000,0x00000000e489f3a8,0x00000000e7b00000)
  from space 13824K, 98% used [0x00000000e8e00000,0x00000000e9b3d2c8,0x00000000e9b80000)
  to   space 15360K, 0% used [0x00000000e7d80000,0x00000000e7d80000,0x00000000e8c80000)
 ParOldGen       total 95232K, used 19539K [0x00000000a0000000, 0x00000000a5d00000, 0x00000000e0000000)
  object space 95232K, 20% used [0x00000000a0000000,0x00000000a1314db8,0x00000000a5d00000)
 Metaspace       used 48031K, capacity 49428K, committed 49704K, reserved 1091584K
  class space    used 6485K, capacity 6908K, committed 6960K, reserved 1048576K
GC Heap History (10 events):
Event: 4.786 GC heap before
{Heap before GC invocations=8 (full 1):
 PSYoungGen      total 74752K, used 64512K [0x00000000e0000000, 0x00000000e5600000, 0x0000000100000000)
  eden space 64512K, 100% used [0x00000000e0000000,0x00000000e3f00000,0x00000000e3f00000)
  from space 10240K, 0% used [0x00000000e4a00000,0x00000000e4a00000,0x00000000e5400000)
  to   space 11264K, 0% used [0x00000000e3f00000,0x00000000e3f00000,0x00000000e4a00000)
 ParOldGen       total 60416K, used 9403K [0x00000000a0000000, 0x00000000a3b00000, 0x00000000e0000000)
  object space 60416K, 15% used [0x00000000a0000000,0x00000000a092ecc0,0x00000000a3b00000)
 Metaspace       used 27887K, capacity 28322K, committed 28592K, reserved 1073152K
  class space    used 3807K, capacity 3969K, committed 4016K, reserved 1048576K
Event: 4.793 GC heap after
Heap after GC invocations=8 (full 1):
 PSYoungGen      total 75776K, used 8161K [0x00000000e0000000, 0x00000000e7780000, 0x0000000100000000)
  eden space 64512K, 0% used [0x00000000e0000000,0x00000000e0000000,0x00000000e3f00000)
  from space 11264K, 72% used [0x00000000e3f00000,0x00000000e46f8470,0x00000000e4a00000)
  to   space 11776K, 0% used [0x00000000e6c00000,0x00000000e6c00000,0x00000000e7780000)
 ParOldGen       total 60416K, used 9411K [0x00000000a0000000, 0x00000000a3b00000, 0x00000000e0000000)
  object space 60416K, 15% used [0x00000000a0000000,0x00000000a0930cc0,0x00000000a3b00000)
 Metaspace       used 27887K, capacity 28322K, committed 28592K, reserved 1073152K
  class space    used 3807K, capacity 3969K, committed 4016K, reserved 1048576K
}
Event: 5.315 GC heap before
{Heap before GC invocations=9 (full 1):
 PSYoungGen      total 75776K, used 72673K [0x00000000e0000000, 0x00000000e7780000, 0x0000000100000000)
  eden space 64512K, 100% used [0x00000000e0000000,0x00000000e3f00000,0x00000000e3f00000)
  from space 11264K, 72% used [0x00000000e3f00000,0x00000000e46f8470,0x00000000e4a00000)
  to   space 11776K, 0% used [0x00000000e6c00000,0x00000000e6c00000,0x00000000e7780000)
 ParOldGen       total 60416K, used 9411K [0x00000000a0000000, 0x00000000a3b00000, 0x00000000e0000000)
  object space 60416K, 15% used [0x00000000a0000000,0x00000000a0930cc0,0x00000000a3b00000)
 Metaspace       used 31179K, capacity 31616K, committed 31920K, reserved 1077248K
  class space    used 4264K, capacity 4427K, committed 4528K, reserved 1048576K
Event: 5.327 GC heap after
Heap after GC invocations=9 (full 1):
 PSYoungGen      total 110592K, used 8417K [0x00000000e0000000, 0x00000000e7a00000, 0x0000000100000000)
  eden space 98816K, 0% used [0x00000000e0000000,0x00000000e0000000,0x00000000e6080000)
  from space 11776K, 71% used [0x00000000e6c00000,0x00000000e7438758,0x00000000e7780000)
  to   space 11776K, 0% used [0x00000000e6080000,0x00000000e6080000,0x00000000e6c00000)
 ParOldGen       total 60416K, used 9419K [0x00000000a0000000, 0x00000000a3b00000, 0x00000000e0000000)
  object space 60416K, 15% used [0x00000000a0000000,0x00000000a0932cc0,0x00000000a3b00000)
 Metaspace       used 31179K, capacity 31616K, committed 31920K, reserved 1077248K
  class space    used 4264K, capacity 4427K, committed 4528K, reserved 1048576K
}
Event: 6.386 GC heap before
{Heap before GC invocations=10 (full 1):
 PSYoungGen      total 110592K, used 85722K [0x00000000e0000000, 0x00000000e7a00000, 0x0000000100000000)
  eden space 98816K, 78% used [0x00000000e0000000,0x00000000e4b7e168,0x00000000e6080000)
  from space 11776K, 71% used [0x00000000e6c00000,0x00000000e7438758,0x00000000e7780000)
  to   space 11776K, 0% used [0x00000000e6080000,0x00000000e6080000,0x00000000e6c00000)
 ParOldGen       total 60416K, used 9419K [0x00000000a0000000, 0x00000000a3b00000, 0x00000000e0000000)
  object space 60416K, 15% used [0x00000000a0000000,0x00000000a0932cc0,0x00000000a3b00000)
 Metaspace       used 34664K, capacity 35440K, committed 35496K, reserved 1079296K
  class space    used 4734K, capacity 4991K, committed 5040K, reserved 1048576K
Event: 6.396 GC heap after
Heap after GC invocations=10 (full 1):
 PSYoungGen      total 110592K, used 11764K [0x00000000e0000000, 0x00000000e9b80000, 0x0000000100000000)
  eden space 98816K, 0% used [0x00000000e0000000,0x00000000e0000000,0x00000000e6080000)
  from space 11776K, 99% used [0x00000000e6080000,0x00000000e6bfd220,0x00000000e6c00000)
  to   space 13824K, 0% used [0x00000000e8e00000,0x00000000e8e00000,0x00000000e9b80000)
 ParOldGen       total 60416K, used 10494K [0x00000000a0000000, 0x00000000a3b00000, 0x00000000e0000000)
  object space 60416K, 17% used [0x00000000a0000000,0x00000000a0a3fb70,0x00000000a3b00000)
 Metaspace       used 34664K, capacity 35440K, committed 35496K, reserved 1079296K
  class space    used 4734K, capacity 4991K, committed 5040K, reserved 1048576K
}
Event: 6.396 GC heap before
{Heap before GC invocations=11 (full 2):
 PSYoungGen      total 110592K, used 11764K [0x00000000e0000000, 0x00000000e9b80000, 0x0000000100000000)
  eden space 98816K, 0% used [0x00000000e0000000,0x00000000e0000000,0x00000000e6080000)
  from space 11776K, 99% used [0x00000000e6080000,0x00000000e6bfd220,0x00000000e6c00000)
  to   space 13824K, 0% used [0x00000000e8e00000,0x00000000e8e00000,0x00000000e9b80000)
 ParOldGen       total 60416K, used 10494K [0x00000000a0000000, 0x00000000a3b00000, 0x00000000e0000000)
  object space 60416K, 17% used [0x00000000a0000000,0x00000000a0a3fb70,0x00000000a3b00000)
 Metaspace       used 34664K, capacity 35440K, committed 35496K, reserved 1079296K
  class space    used 4734K, capacity 4991K, committed 5040K, reserved 1048576K
Event: 6.448 GC heap after
Heap after GC invocations=11 (full 2):
 PSYoungGen      total 110592K, used 0K [0x00000000e0000000, 0x00000000e9b80000, 0x0000000100000000)
  eden space 98816K, 0% used [0x00000000e0000000,0x00000000e0000000,0x00000000e6080000)
  from space 11776K, 0% used [0x00000000e6080000,0x00000000e6080000,0x00000000e6c00000)
  to   space 13824K, 0% used [0x00000000e8e00000,0x00000000e8e00000,0x00000000e9b80000)
 ParOldGen       total 95232K, used 19531K [0x00000000a0000000, 0x00000000a5d00000, 0x00000000e0000000)
  object space 95232K, 20% used [0x00000000a0000000,0x00000000a1312db8,0x00000000a5d00000)
 Metaspace       used 34641K, capacity 35362K, committed 35496K, reserved 1079296K
  class space    used 4727K, capacity 4978K, committed 5040K, reserved 1048576K
}
Event: 7.684 GC heap before
{Heap before GC invocations=12 (full 2):
 PSYoungGen      total 110592K, used 98816K [0x00000000e0000000, 0x00000000e9b80000, 0x0000000100000000)
  eden space 98816K, 100% used [0x00000000e0000000,0x00000000e6080000,0x00000000e6080000)
  from space 11776K, 0% used [0x00000000e6080000,0x00000000e6080000,0x00000000e6c00000)
  to   space 13824K, 0% used [0x00000000e8e00000,0x00000000e8e00000,0x00000000e9b80000)
 ParOldGen       total 95232K, used 19531K [0x00000000a0000000, 0x00000000a5d00000, 0x00000000e0000000)
  object space 95232K, 20% used [0x00000000a0000000,0x00000000a1312db8,0x00000000a5d00000)
 Metaspace       used 44582K, capacity 45532K, committed 45736K, reserved 1089536K
  class space    used 5972K, capacity 6258K, committed 6320K, reserved 1048576K
Event: 7.695 GC heap after
Heap after GC invocations=12 (full 2):
 PSYoungGen      total 139776K, used 13556K [0x00000000e0000000, 0x00000000e9b80000, 0x0000000100000000)
  eden space 125952K, 0% used [0x00000000e0000000,0x00000000e0000000,0x00000000e7b00000)
  from space 13824K, 98% used [0x00000000e8e00000,0x00000000e9b3d2c8,0x00000000e9b80000)
  to   space 15360K, 0% used [0x00000000e7d80000,0x00000000e7d80000,0x00000000e8c80000)
 ParOldGen       total 95232K, used 19539K [0x00000000a0000000, 0x00000000a5d00000, 0x00000000e0000000)
  object space 95232K, 20% used [0x00000000a0000000,0x00000000a1314db8,0x00000000a5d00000)
 Metaspace       used 44582K, capacity 45532K, committed 45736K, reserved 1089536K
  class space    used 5972K, capacity 6258K, committed 6320K, reserved 1048576K
}

